2024-03-11 20:00:46,146 INFO: Calling after_request() for the Flask application... [in __init__.py:58]
2024-03-11 20:00:46,146 INFO: Calling after_request() for the Flask application... [in __init__.py:58]
2024-03-11 20:00:46,147 INFO: Calling teardown_request() for the Flask application... [in __init__.py:63]
2024-03-11 20:00:46,158 INFO: Calling before_request() for the Flask application... [in __init__.py:54]
2024-03-11 20:00:46,159 INFO: Calling before_request() for the Flask application... [in __init__.py:54]
2024-03-11 20:00:46,167 INFO: Calling teardown_request() for the Flask application... [in __init__.py:63]
2024-03-11 20:00:46,167 INFO: Calling teardown_request() for the Flask application... [in __init__.py:63]
2024-03-11 20:00:46,168 INFO: Calling teardown_appcontext() for the Flask application... [in __init__.py:67]
2024-03-11 20:00:46,169 INFO: Calling after_request() for the Flask application... [in __init__.py:58]
2024-03-11 20:00:46,169 INFO: Calling after_request() for the Flask application... [in __init__.py:58]
2024-03-11 20:00:46,173 INFO: Calling teardown_appcontext() for the Flask application... [in __init__.py:67]
2024-03-11 20:00:46,174 INFO: Calling teardown_appcontext() for the Flask application... [in __init__.py:67]
2024-03-11 20:00:46,175 INFO: Calling teardown_request() for the Flask application... [in __init__.py:63]
2024-03-11 20:00:46,175 INFO: Calling teardown_request() for the Flask application... [in __init__.py:63]
2024-03-11 20:00:46,177 INFO: Calling teardown_appcontext() for the Flask application... [in __init__.py:67]
2024-03-11 20:00:46,178 INFO: Calling teardown_appcontext() for the Flask application... [in __init__.py:67]
2024-03-11 20:00:46,313 INFO: Calling before_request() for the Flask application... [in __init__.py:54]
2024-03-11 20:00:46,314 INFO: Calling after_request() for the Flask application... [in __init__.py:58]
2024-03-11 20:00:46,315 INFO: Calling teardown_request() for the Flask application... [in __init__.py:63]
2024-03-11 20:00:46,315 INFO: Calling teardown_appcontext() for the Flask application... [in __init__.py:67]
2024-03-11 20:00:46,500 INFO: Calling before_request() for the Flask application... [in __init__.py:54]
2024-03-11 20:00:46,500 INFO: Calling after_request() for the Flask application... [in __init__.py:58]
2024-03-11 20:00:46,501 INFO: Calling teardown_request() for the Flask application... [in __init__.py:63]
2024-03-11 20:00:46,501 INFO: Calling teardown_appcontext() for the Flask application... [in __init__.py:67]
2024-03-11 20:00:47,832 INFO: Calling before_request() for the Flask application... [in __init__.py:54]
2024-03-11 20:00:47,833 INFO: Logged out user: test@test.com [in routes.py:85]
2024-03-11 20:00:47,834 INFO: Calling after_request() for the Flask application... [in __init__.py:58]
2024-03-11 20:00:47,834 INFO: Calling teardown_request() for the Flask application... [in __init__.py:63]
2024-03-11 20:00:47,835 INFO: Calling teardown_appcontext() for the Flask application... [in __init__.py:67]
2024-03-11 20:00:48,099 INFO: Calling before_request() for the Flask application... [in __init__.py:54]
2024-03-11 20:00:48,100 INFO: Calling before_request() for the stocks blueprint... [in routes.py:8]
2024-03-11 20:00:48,100 INFO: Calling the index() function. [in routes.py:23]
2024-03-11 20:00:48,101 INFO: Calling after_request() for the stocks blueprint... [in routes.py:13]
2024-03-11 20:00:48,101 INFO: Calling after_request() for the Flask application... [in __init__.py:58]
2024-03-11 20:00:48,102 INFO: Calling teardown_request() for the stocks blueprint... [in routes.py:19]
2024-03-11 20:00:48,103 INFO: Calling teardown_request() for the Flask application... [in __init__.py:63]
2024-03-11 20:00:48,103 INFO: Calling teardown_appcontext() for the Flask application... [in __init__.py:67]
2024-03-11 20:00:48,178 INFO: Calling before_request() for the Flask application... [in __init__.py:54]
2024-03-11 20:00:48,179 INFO: Calling after_request() for the Flask application... [in __init__.py:58]
2024-03-11 20:00:48,180 INFO: Calling teardown_request() for the Flask application... [in __init__.py:63]
2024-03-11 20:00:48,180 INFO: Calling teardown_appcontext() for the Flask application... [in __init__.py:67]
2024-03-11 20:00:48,494 INFO: Calling before_request() for the Flask application... [in __init__.py:54]
2024-03-11 20:00:48,495 INFO: Calling before_request() for the Flask application... [in __init__.py:54]
2024-03-11 20:00:48,496 INFO: Calling before_request() for the Flask application... [in __init__.py:54]
2024-03-11 20:00:48,497 INFO: Calling before_request() for the Flask application... [in __init__.py:54]
2024-03-11 20:00:48,498 INFO: Calling before_request() for the Flask application... [in __init__.py:54]
2024-03-11 20:00:48,498 INFO: Calling after_request() for the Flask application... [in __init__.py:58]
2024-03-11 20:00:48,500 INFO: Calling before_request() for the Flask application... [in __init__.py:54]
2024-03-11 20:00:48,500 INFO: Calling after_request() for the Flask application... [in __init__.py:58]
2024-03-11 20:00:48,501 INFO: Calling after_request() for the Flask application... [in __init__.py:58]
2024-03-11 20:00:48,501 INFO: Calling after_request() for the Flask application... [in __init__.py:58]
2024-03-11 20:00:48,502 INFO: Calling after_request() for the Flask application... [in __init__.py:58]
2024-03-11 20:00:48,502 INFO: Calling teardown_request() for the Flask application... [in __init__.py:63]
2024-03-11 20:00:48,503 INFO: Calling after_request() for the Flask application... [in __init__.py:58]
2024-03-11 20:00:48,503 INFO: Calling teardown_request() for the Flask application... [in __init__.py:63]
2024-03-11 20:00:48,503 INFO: Calling teardown_request() for the Flask application... [in __init__.py:63]
2024-03-11 20:00:48,504 INFO: Calling teardown_request() for the Flask application... [in __init__.py:63]
2024-03-11 20:00:48,504 INFO: Calling teardown_request() for the Flask application... [in __init__.py:63]
2024-03-11 20:00:48,504 INFO: Calling teardown_appcontext() for the Flask application... [in __init__.py:67]
2024-03-11 20:00:48,505 INFO: Calling teardown_request() for the Flask application... [in __init__.py:63]
2024-03-11 20:00:48,505 INFO: Calling teardown_appcontext() for the Flask application... [in __init__.py:67]
2024-03-11 20:00:48,505 INFO: Calling teardown_appcontext() for the Flask application... [in __init__.py:67]
2024-03-11 20:00:48,505 INFO: Calling teardown_appcontext() for the Flask application... [in __init__.py:67]
2024-03-11 20:00:48,506 INFO: Calling teardown_appcontext() for the Flask application... [in __init__.py:67]
2024-03-11 20:00:48,506 INFO: Calling teardown_appcontext() for the Flask application... [in __init__.py:67]
2024-03-11 20:00:48,824 INFO: Calling before_request() for the Flask application... [in __init__.py:54]
2024-03-11 20:00:48,824 INFO: Calling before_request() for the Flask application... [in __init__.py:54]
2024-03-11 20:00:48,825 INFO: Calling before_request() for the Flask application... [in __init__.py:54]
2024-03-11 20:00:48,826 INFO: Calling before_request() for the Flask application... [in __init__.py:54]
2024-03-11 20:00:48,827 INFO: Calling after_request() for the Flask application... [in __init__.py:58]
2024-03-11 20:00:48,828 INFO: Calling after_request() for the Flask application... [in __init__.py:58]
2024-03-11 20:00:48,828 INFO: Calling after_request() for the Flask application... [in __init__.py:58]
2024-03-11 20:00:48,829 INFO: Calling teardown_request() for the Flask application... [in __init__.py:63]
2024-03-11 20:00:48,830 INFO: Calling after_request() for the Flask application... [in __init__.py:58]
2024-03-11 20:00:48,830 INFO: Calling teardown_request() for the Flask application... [in __init__.py:63]
2024-03-11 20:00:48,831 INFO: Calling teardown_request() for the Flask application... [in __init__.py:63]
2024-03-11 20:00:48,832 INFO: Calling teardown_appcontext() for the Flask application... [in __init__.py:67]
2024-03-11 20:00:48,831 INFO: Calling teardown_request() for the Flask application... [in __init__.py:63]
2024-03-11 20:00:48,832 INFO: Calling teardown_appcontext() for the Flask application... [in __init__.py:67]
2024-03-11 20:00:48,831 INFO: Calling teardown_appcontext() for the Flask application... [in __init__.py:67]
2024-03-11 20:00:48,833 INFO: Calling teardown_appcontext() for the Flask application... [in __init__.py:67]
2024-03-11 20:00:48,836 INFO: Calling before_request() for the Flask application... [in __init__.py:54]
2024-03-11 20:00:48,839 INFO: Calling after_request() for the Flask application... [in __init__.py:58]
2024-03-11 20:00:48,843 INFO: Calling before_request() for the Flask application... [in __init__.py:54]
2024-03-11 20:00:48,848 INFO: Calling teardown_request() for the Flask application... [in __init__.py:63]
2024-03-11 20:00:48,849 INFO: Calling teardown_appcontext() for the Flask application... [in __init__.py:67]
2024-03-11 20:00:48,849 INFO: Calling after_request() for the Flask application... [in __init__.py:58]
2024-03-11 20:00:48,851 INFO: Calling teardown_request() for the Flask application... [in __init__.py:63]
2024-03-11 20:00:48,852 INFO: Calling teardown_appcontext() for the Flask application... [in __init__.py:67]
2024-03-11 20:00:49,154 INFO: Calling before_request() for the Flask application... [in __init__.py:54]
2024-03-11 20:00:49,154 INFO: Calling before_request() for the Flask application... [in __init__.py:54]
2024-03-11 20:00:49,155 INFO: Calling before_request() for the Flask application... [in __init__.py:54]
2024-03-11 20:00:49,156 INFO: Calling before_request() for the Flask application... [in __init__.py:54]
2024-03-11 20:00:49,157 INFO: Calling after_request() for the Flask application... [in __init__.py:58]
2024-03-11 20:00:49,157 INFO: Calling after_request() for the Flask application... [in __init__.py:58]
2024-03-11 20:00:49,158 INFO: Calling after_request() for the Flask application... [in __init__.py:58]
2024-03-11 20:00:49,158 INFO: Calling teardown_request() for the Flask application... [in __init__.py:63]
2024-03-11 20:00:49,159 INFO: Calling after_request() for the Flask application... [in __init__.py:58]
2024-03-11 20:00:49,159 INFO: Calling teardown_request() for the Flask application... [in __init__.py:63]
2024-03-11 20:00:49,159 INFO: Calling teardown_request() for the Flask application... [in __init__.py:63]
2024-03-11 20:00:49,159 INFO: Calling teardown_appcontext() for the Flask application... [in __init__.py:67]
2024-03-11 20:00:49,160 INFO: Calling teardown_request() for the Flask application... [in __init__.py:63]
2024-03-11 20:00:49,160 INFO: Calling teardown_appcontext() for the Flask application... [in __init__.py:67]
2024-03-11 20:00:49,160 INFO: Calling teardown_appcontext() for the Flask application... [in __init__.py:67]
2024-03-11 20:00:49,161 INFO: Calling teardown_appcontext() for the Flask application... [in __init__.py:67]
2024-03-11 20:00:49,165 INFO: Calling before_request() for the Flask application... [in __init__.py:54]
2024-03-11 20:00:49,190 INFO: Calling before_request() for the Flask application... [in __init__.py:54]
2024-03-11 20:00:49,191 INFO: Calling after_request() for the Flask application... [in __init__.py:58]
2024-03-11 20:00:49,192 INFO: Calling teardown_request() for the Flask application... [in __init__.py:63]
2024-03-11 20:00:49,192 INFO: Calling teardown_appcontext() for the Flask application... [in __init__.py:67]
2024-03-11 20:00:49,201 INFO: Calling after_request() for the Flask application... [in __init__.py:58]
2024-03-11 20:00:49,201 INFO: Calling teardown_request() for the Flask application... [in __init__.py:63]
2024-03-11 20:00:49,201 INFO: Calling teardown_appcontext() for the Flask application... [in __init__.py:67]
2024-03-11 20:00:49,516 INFO: Calling before_request() for the Flask application... [in __init__.py:54]
2024-03-11 20:00:49,516 INFO: Calling before_request() for the Flask application... [in __init__.py:54]
2024-03-11 20:00:49,517 INFO: Calling before_request() for the Flask application... [in __init__.py:54]
2024-03-11 20:00:49,518 INFO: Calling before_request() for the Flask application... [in __init__.py:54]
2024-03-11 20:00:49,519 INFO: Calling after_request() for the Flask application... [in __init__.py:58]
2024-03-11 20:00:49,520 INFO: Calling after_request() for the Flask application... [in __init__.py:58]
2024-03-11 20:00:49,520 INFO: Calling after_request() for the Flask application... [in __init__.py:58]
2024-03-11 20:00:49,521 INFO: Calling teardown_request() for the Flask application... [in __init__.py:63]
2024-03-11 20:00:49,521 INFO: Calling after_request() for the Flask application... [in __init__.py:58]
2024-03-11 20:00:49,521 INFO: Calling teardown_request() for the Flask application... [in __init__.py:63]
2024-03-11 20:00:49,522 INFO: Calling teardown_request() for the Flask application... [in __init__.py:63]
2024-03-11 20:00:49,523 INFO: Calling teardown_appcontext() for the Flask application... [in __init__.py:67]
2024-03-11 20:00:49,523 INFO: Calling teardown_request() for the Flask application... [in __init__.py:63]
2024-03-11 20:00:49,523 INFO: Calling teardown_appcontext() for the Flask application... [in __init__.py:67]
2024-03-11 20:00:49,522 INFO: Calling teardown_appcontext() for the Flask application... [in __init__.py:67]
2024-03-11 20:00:49,524 INFO: Calling teardown_appcontext() for the Flask application... [in __init__.py:67]
2024-03-11 20:00:49,526 INFO: Calling before_request() for the Flask application... [in __init__.py:54]
2024-03-11 20:00:49,532 INFO: Calling before_request() for the Flask application... [in __init__.py:54]
2024-03-11 20:00:49,536 INFO: Calling after_request() for the Flask application... [in __init__.py:58]
2024-03-11 20:00:49,539 INFO: Calling after_request() for the Flask application... [in __init__.py:58]
2024-03-11 20:00:49,541 INFO: Calling teardown_request() for the Flask application... [in __init__.py:63]
2024-03-11 20:00:49,551 INFO: Calling teardown_request() for the Flask application... [in __init__.py:63]
2024-03-11 20:00:49,552 INFO: Calling teardown_appcontext() for the Flask application... [in __init__.py:67]
2024-03-11 20:00:49,553 INFO: Calling teardown_appcontext() for the Flask application... [in __init__.py:67]
2024-03-11 20:00:49,841 INFO: Calling before_request() for the Flask application... [in __init__.py:54]
2024-03-11 20:00:49,842 INFO: Calling after_request() for the Flask application... [in __init__.py:58]
2024-03-11 20:00:49,842 INFO: Calling teardown_request() for the Flask application... [in __init__.py:63]
2024-03-11 20:00:49,843 INFO: Calling teardown_appcontext() for the Flask application... [in __init__.py:67]
2024-03-11 20:00:49,849 INFO: Calling before_request() for the Flask application... [in __init__.py:54]
2024-03-11 20:00:49,850 INFO: Calling after_request() for the Flask application... [in __init__.py:58]
2024-03-11 20:00:49,851 INFO: Calling teardown_request() for the Flask application... [in __init__.py:63]
2024-03-11 20:00:49,851 INFO: Calling teardown_appcontext() for the Flask application... [in __init__.py:67]
2024-03-11 20:06:50,266 INFO: Starting the Flask Stock Portfolio App... [in __init__.py:48]
2024-03-11 20:06:51,614 INFO: Starting the Flask Stock Portfolio App... [in __init__.py:48]
2024-03-11 20:06:51,651 INFO: Calling before_request() for the Flask application... [in __init__.py:54]
2024-03-11 20:06:51,652 INFO: Calling before_request() for the stocks blueprint... [in routes.py:8]
2024-03-11 20:06:51,653 INFO: Calling the index() function. [in routes.py:23]
2024-03-11 20:06:51,697 INFO: Calling after_request() for the stocks blueprint... [in routes.py:13]
2024-03-11 20:06:51,698 INFO: Calling after_request() for the Flask application... [in __init__.py:58]
2024-03-11 20:06:51,699 INFO: Calling teardown_request() for the stocks blueprint... [in routes.py:19]
2024-03-11 20:06:51,700 INFO: Calling teardown_request() for the Flask application... [in __init__.py:63]
2024-03-11 20:06:51,700 INFO: Calling teardown_appcontext() for the Flask application... [in __init__.py:67]
